     1                                         BOOT_LOAD equ 0x7c00         ; where boot probram is loaded
     2                                  			 ORG BOOT_LOAD                ; tell assembla where this program is loaded
     3                                  
     4                                  entry:
     5 00000000 EB58                           jmp ipl        ; Initial Program Loader;
     6                                  
     7                                       ; BPB(BIOS Parameter Block)
     8 00000002 90<rept>                		   times 90 - ($ - $$) db 0x90  ; 0x90 -> NOP
     9                                  
    10                                  ipl: ; IPL
    11 0000005A FA                             cli                     ; disable interruption
    12                                  
    13 0000005B B80000                  			 mov ax, 0x0000
    14 0000005E 8ED8                    			 mov ds, ax
    15 00000060 8EC0                    			 mov es, ax
    16 00000062 8ED0                    			 mov ss, ax
    17 00000064 BC007C                  			 mov sp, BOOT_LOAD
    18                                  
    19 00000067 FB                      			 sti                     ; enable inerruption
    20                                  
    21 00000068 8816[6E00]                     mov [BOOT.DRIVE], dl    ; store boot drive
    22                                  
    23 0000006C EBFE                           jmp $                   ; infinte loop
    24                                  
    25                                  ALIGN 2, db 0
    26                                  BOOT:                 ; info related to boot drive
    27 0000006E 0000                    .DRIVE: dw 0          ; drive number
    28                                  
    29 00000070 00<rept>                       times 510 - ($ - $$) db 0x00
    30 000001FE 55AA                           db 0x55, 0xAA
