     1                                  ;int func_16(int x, int y);
     2                                  
     3                                  func_16: ; args x and y are pushed by caller, which makes SP = 4
     4                                  
     5                                           ; stackframe
     6                                                       ; 6 -> y
     7                                  										 ; 4 -> x
     8 00000000 55                               push bp     ; 2 -> IP instruction pointer, where the next instruction(retunn address) is stored
     9 00000001 89E5                    				 mov bp, sp  ; 0 
    10 00000003 83EC02                  				 sub sp, 2   ; -2 -> short i;
    11 00000006 6A00                    				 push 0      ; -4 -> short j;
    12                                  
    13                                  				 ;content
    14 00000008 C746FE0A00              				 mov [bp - 2], word 10 ; i = 10
    15 0000000D C746FC1400              				 mov [bp - 4], word 20 ; j = 20
    16                                  
    17 00000012 8B4604                  				 mov ax, [bp + 4]      ; address x
    18 00000015 034606                  				 add ax, [bp + 6]      ; address y
    19                                  
    20 00000018 B80100                  				 mov ax, 1             ; return 1
    21                                  
    22                                  				 ;discard stackframe
    23 0000001B 89EC                    				 mov sp, bp            ; discard local vars
    24 0000001D 5D                      				 pop bp                ; return BP
    25 0000001E C3                      				 ret                   ; return to IP
